<?xml version="1.0" encoding="UTF-8"?>
<testsuite name="LinkedListTest" tests="1" skipped="0" failures="0" errors="0" timestamp="2020-10-17T20:35:54" hostname="LAPTOP-21LB24T9" time="0.004">
  <properties/>
  <testcase name="size" classname="LinkedListTest" time="0.004"/>
  <system-out><![CDATA[]]></system-out>
  <system-err><![CDATA[]]></system-err>
</testsuite>
